Command line invocation:
    /Applications/Xcode.app/Contents/Developer/usr/bin/xcodebuild -project SmartContacts.xcodeproj -scheme SmartContacts -configuration Debug -sdk iphonesimulator -destination "generic/platform=iOS Simulator" CODE_SIGNING_ALLOWED=NO build

Build settings from command line:
    CODE_SIGNING_ALLOWED = NO
    SDKROOT = iphonesimulator26.0

ComputePackagePrebuildTargetDependencyGraph

Prepare packages

CreateBuildRequest

SendProjectDescription

CreateBuildOperation

ComputeTargetDependencyGraph
note: Building targets in dependency order
note: Target dependency graph (1 target)
    Target 'SmartContacts' in project 'SmartContacts' (no dependencies)

GatherProvisioningInputs

CreateBuildDescription

ExecuteExternalTool /Applications/Xcode.app/Contents/Developer/Toolchains/XcodeDefault.xctoolchain/usr/bin/clang -v -E -dM -isysroot /Applications/Xcode.app/Contents/Developer/Platforms/iPhoneSimulator.platform/Developer/SDKs/iPhoneSimulator26.0.sdk -x c -c /dev/null

ExecuteExternalTool /Applications/Xcode.app/Contents/Developer/usr/bin/ibtool --version --output-format xml1

ExecuteExternalTool /Applications/Xcode.app/Contents/Developer/usr/bin/momc --dry-run --action generate --swift-version 5.0 --sdkroot /Applications/Xcode.app/Contents/Developer/Platforms/iPhoneSimulator.platform/Developer/SDKs/iPhoneSimulator26.0.sdk --iphonesimulator-deployment-target 15.6 --module SmartContacts /Users/chamanlalsahu/Personal/Projects/Contact App/WatchOS/SmartContacts_watchOS1.4 Final/SmartContacts/Core Data/SmartContacts.xcdatamodeld /Users/chamanlalsahu/Library/Developer/Xcode/DerivedData/SmartContacts-gdxtxiqqxdanuegrnccodybcdlip/Build/Intermediates.noindex/SmartContacts.build/Debug-iphonesimulator/SmartContacts.build/DerivedSources/CoreDataGenerated/SmartContacts

ExecuteExternalTool /Applications/Xcode.app/Contents/Developer/usr/bin/actool --print-asset-tag-combinations --output-format xml1 /Users/chamanlalsahu/Personal/Projects/Contact App/WatchOS/SmartContacts_watchOS1.4 Final/SmartContacts/New Group/Assets.xcassets

ExecuteExternalTool /Applications/Xcode.app/Contents/Developer/usr/bin/actool --version --output-format xml1

ExecuteExternalTool /Applications/Xcode.app/Contents/Developer/Toolchains/XcodeDefault.xctoolchain/usr/bin/swiftc --version

ExecuteExternalTool /Applications/Xcode.app/Contents/Developer/Toolchains/XcodeDefault.xctoolchain/usr/bin/ld -version_details

Build description signature: 94707918cf2bc003bd7bfa056feda6cb
Build description path: /Users/chamanlalsahu/Library/Developer/Xcode/DerivedData/SmartContacts-gdxtxiqqxdanuegrnccodybcdlip/Build/Intermediates.noindex/XCBuildData/94707918cf2bc003bd7bfa056feda6cb.xcbuilddata
ClangStatCache /Applications/Xcode.app/Contents/Developer/Toolchains/XcodeDefault.xctoolchain/usr/bin/clang-stat-cache /Applications/Xcode.app/Contents/Developer/Platforms/iPhoneSimulator.platform/Developer/SDKs/iPhoneSimulator26.0.sdk /Users/chamanlalsahu/Library/Developer/Xcode/DerivedData/SDKStatCaches.noindex/iphonesimulator26.0-23A339-26257891a6c027eb51374368541b8346.sdkstatcache
    cd /Users/chamanlalsahu/Personal/Projects/Contact\ App/WatchOS/SmartContacts_watchOS1.4\ Final/SmartContacts.xcodeproj
    /Applications/Xcode.app/Contents/Developer/Toolchains/XcodeDefault.xctoolchain/usr/bin/clang-stat-cache /Applications/Xcode.app/Contents/Developer/Platforms/iPhoneSimulator.platform/Developer/SDKs/iPhoneSimulator26.0.sdk -o /Users/chamanlalsahu/Library/Developer/Xcode/DerivedData/SDKStatCaches.noindex/iphonesimulator26.0-23A339-26257891a6c027eb51374368541b8346.sdkstatcache

CreateBuildDirectory /Users/chamanlalsahu/Library/Developer/Xcode/DerivedData/SmartContacts-gdxtxiqqxdanuegrnccodybcdlip/Build/Products
    cd /Users/chamanlalsahu/Personal/Projects/Contact\ App/WatchOS/SmartContacts_watchOS1.4\ Final/SmartContacts.xcodeproj
    builtin-create-build-directory /Users/chamanlalsahu/Library/Developer/Xcode/DerivedData/SmartContacts-gdxtxiqqxdanuegrnccodybcdlip/Build/Products

CreateBuildDirectory /Users/chamanlalsahu/Library/Developer/Xcode/DerivedData/SmartContacts-gdxtxiqqxdanuegrnccodybcdlip/Build/Intermediates.noindex
    cd /Users/chamanlalsahu/Personal/Projects/Contact\ App/WatchOS/SmartContacts_watchOS1.4\ Final/SmartContacts.xcodeproj
    builtin-create-build-directory /Users/chamanlalsahu/Library/Developer/Xcode/DerivedData/SmartContacts-gdxtxiqqxdanuegrnccodybcdlip/Build/Intermediates.noindex

CreateBuildDirectory /Users/chamanlalsahu/Library/Developer/Xcode/DerivedData/SmartContacts-gdxtxiqqxdanuegrnccodybcdlip/Build/Intermediates.noindex/ExplicitPrecompiledModules
    cd /Users/chamanlalsahu/Personal/Projects/Contact\ App/WatchOS/SmartContacts_watchOS1.4\ Final/SmartContacts.xcodeproj
    builtin-create-build-directory /Users/chamanlalsahu/Library/Developer/Xcode/DerivedData/SmartContacts-gdxtxiqqxdanuegrnccodybcdlip/Build/Intermediates.noindex/ExplicitPrecompiledModules

CreateBuildDirectory /Users/chamanlalsahu/Library/Developer/Xcode/DerivedData/SmartContacts-gdxtxiqqxdanuegrnccodybcdlip/Build/Intermediates.noindex/SwiftExplicitPrecompiledModules
    cd /Users/chamanlalsahu/Personal/Projects/Contact\ App/WatchOS/SmartContacts_watchOS1.4\ Final/SmartContacts.xcodeproj
    builtin-create-build-directory /Users/chamanlalsahu/Library/Developer/Xcode/DerivedData/SmartContacts-gdxtxiqqxdanuegrnccodybcdlip/Build/Intermediates.noindex/SwiftExplicitPrecompiledModules

CreateBuildDirectory /Users/chamanlalsahu/Library/Developer/Xcode/DerivedData/SmartContacts-gdxtxiqqxdanuegrnccodybcdlip/Build/Products/Debug-iphonesimulator
    cd /Users/chamanlalsahu/Personal/Projects/Contact\ App/WatchOS/SmartContacts_watchOS1.4\ Final/SmartContacts.xcodeproj
    builtin-create-build-directory /Users/chamanlalsahu/Library/Developer/Xcode/DerivedData/SmartContacts-gdxtxiqqxdanuegrnccodybcdlip/Build/Products/Debug-iphonesimulator

CreateBuildDirectory /Users/chamanlalsahu/Library/Developer/Xcode/DerivedData/SmartContacts-gdxtxiqqxdanuegrnccodybcdlip/Build/Intermediates.noindex/EagerLinkingTBDs/Debug-iphonesimulator
    cd /Users/chamanlalsahu/Personal/Projects/Contact\ App/WatchOS/SmartContacts_watchOS1.4\ Final/SmartContacts.xcodeproj
    builtin-create-build-directory /Users/chamanlalsahu/Library/Developer/Xcode/DerivedData/SmartContacts-gdxtxiqqxdanuegrnccodybcdlip/Build/Intermediates.noindex/EagerLinkingTBDs/Debug-iphonesimulator

WriteAuxiliaryFile /Users/chamanlalsahu/Library/Developer/Xcode/DerivedData/SmartContacts-gdxtxiqqxdanuegrnccodybcdlip/Build/Intermediates.noindex/SmartContacts.build/Debug-iphonesimulator/SmartContacts-96a8a7fcc08e97af77840b0cba961768-VFS-iphonesimulator/all-product-headers.yaml
    cd /Users/chamanlalsahu/Personal/Projects/Contact\ App/WatchOS/SmartContacts_watchOS1.4\ Final/SmartContacts.xcodeproj
    write-file /Users/chamanlalsahu/Library/Developer/Xcode/DerivedData/SmartContacts-gdxtxiqqxdanuegrnccodybcdlip/Build/Intermediates.noindex/SmartContacts.build/Debug-iphonesimulator/SmartContacts-96a8a7fcc08e97af77840b0cba961768-VFS-iphonesimulator/all-product-headers.yaml

WriteAuxiliaryFile /Users/chamanlalsahu/Library/Developer/Xcode/DerivedData/SmartContacts-gdxtxiqqxdanuegrnccodybcdlip/Build/Intermediates.noindex/SmartContacts.build/Debug-iphonesimulator/SmartContacts.build/SmartContacts.hmap (in target 'SmartContacts' from project 'SmartContacts')
    cd /Users/chamanlalsahu/Personal/Projects/Contact\ App/WatchOS/SmartContacts_watchOS1.4\ Final
    write-file /Users/chamanlalsahu/Library/Developer/Xcode/DerivedData/SmartContacts-gdxtxiqqxdanuegrnccodybcdlip/Build/Intermediates.noindex/SmartContacts.build/Debug-iphonesimulator/SmartContacts.build/SmartContacts.hmap

WriteAuxiliaryFile /Users/chamanlalsahu/Library/Developer/Xcode/DerivedData/SmartContacts-gdxtxiqqxdanuegrnccodybcdlip/Build/Intermediates.noindex/SmartContacts.build/Debug-iphonesimulator/SmartContacts.build/SmartContacts-own-target-headers.hmap (in target 'SmartContacts' from project 'SmartContacts')
    cd /Users/chamanlalsahu/Personal/Projects/Contact\ App/WatchOS/SmartContacts_watchOS1.4\ Final
    write-file /Users/chamanlalsahu/Library/Developer/Xcode/DerivedData/SmartContacts-gdxtxiqqxdanuegrnccodybcdlip/Build/Intermediates.noindex/SmartContacts.build/Debug-iphonesimulator/SmartContacts.build/SmartContacts-own-target-headers.hmap

WriteAuxiliaryFile /Users/chamanlalsahu/Library/Developer/Xcode/DerivedData/SmartContacts-gdxtxiqqxdanuegrnccodybcdlip/Build/Intermediates.noindex/SmartContacts.build/Debug-iphonesimulator/SmartContacts.build/SmartContacts-generated-files.hmap (in target 'SmartContacts' from project 'SmartContacts')
    cd /Users/chamanlalsahu/Personal/Projects/Contact\ App/WatchOS/SmartContacts_watchOS1.4\ Final
    write-file /Users/chamanlalsahu/Library/Developer/Xcode/DerivedData/SmartContacts-gdxtxiqqxdanuegrnccodybcdlip/Build/Intermediates.noindex/SmartContacts.build/Debug-iphonesimulator/SmartContacts.build/SmartContacts-generated-files.hmap

WriteAuxiliaryFile /Users/chamanlalsahu/Library/Developer/Xcode/DerivedData/SmartContacts-gdxtxiqqxdanuegrnccodybcdlip/Build/Intermediates.noindex/SmartContacts.build/Debug-iphonesimulator/SmartContacts.build/SmartContacts-project-headers.hmap (in target 'SmartContacts' from project 'SmartContacts')
    cd /Users/chamanlalsahu/Personal/Projects/Contact\ App/WatchOS/SmartContacts_watchOS1.4\ Final
    write-file /Users/chamanlalsahu/Library/Developer/Xcode/DerivedData/SmartContacts-gdxtxiqqxdanuegrnccodybcdlip/Build/Intermediates.noindex/SmartContacts.build/Debug-iphonesimulator/SmartContacts.build/SmartContacts-project-headers.hmap

WriteAuxiliaryFile /Users/chamanlalsahu/Library/Developer/Xcode/DerivedData/SmartContacts-gdxtxiqqxdanuegrnccodybcdlip/Build/Intermediates.noindex/SmartContacts.build/Debug-iphonesimulator/SmartContacts.build/SmartContacts-DebugDylibInstallName-normal-arm64.txt (in target 'SmartContacts' from project 'SmartContacts')
    cd /Users/chamanlalsahu/Personal/Projects/Contact\ App/WatchOS/SmartContacts_watchOS1.4\ Final
    write-file /Users/chamanlalsahu/Library/Developer/Xcode/DerivedData/SmartContacts-gdxtxiqqxdanuegrnccodybcdlip/Build/Intermediates.noindex/SmartContacts.build/Debug-iphonesimulator/SmartContacts.build/SmartContacts-DebugDylibInstallName-normal-arm64.txt

WriteAuxiliaryFile /Users/chamanlalsahu/Library/Developer/Xcode/DerivedData/SmartContacts-gdxtxiqqxdanuegrnccodybcdlip/Build/Intermediates.noindex/SmartContacts.build/Debug-iphonesimulator/SmartContacts.build/SmartContacts-DebugDylibPath-normal-x86_64.txt (in target 'SmartContacts' from project 'SmartContacts')
    cd /Users/chamanlalsahu/Personal/Projects/Contact\ App/WatchOS/SmartContacts_watchOS1.4\ Final
    write-file /Users/chamanlalsahu/Library/Developer/Xcode/DerivedData/SmartContacts-gdxtxiqqxdanuegrnccodybcdlip/Build/Intermediates.noindex/SmartContacts.build/Debug-iphonesimulator/SmartContacts.build/SmartContacts-DebugDylibPath-normal-x86_64.txt

WriteAuxiliaryFile /Users/chamanlalsahu/Library/Developer/Xcode/DerivedData/SmartContacts-gdxtxiqqxdanuegrnccodybcdlip/Build/Intermediates.noindex/SmartContacts.build/Debug-iphonesimulator/SmartContacts.build/SmartContacts-DebugDylibInstallName-normal-x86_64.txt (in target 'SmartContacts' from project 'SmartContacts')
    cd /Users/chamanlalsahu/Personal/Projects/Contact\ App/WatchOS/SmartContacts_watchOS1.4\ Final
    write-file /Users/chamanlalsahu/Library/Developer/Xcode/DerivedData/SmartContacts-gdxtxiqqxdanuegrnccodybcdlip/Build/Intermediates.noindex/SmartContacts.build/Debug-iphonesimulator/SmartContacts.build/SmartContacts-DebugDylibInstallName-normal-x86_64.txt

WriteAuxiliaryFile /Users/chamanlalsahu/Library/Developer/Xcode/DerivedData/SmartContacts-gdxtxiqqxdanuegrnccodybcdlip/Build/Intermediates.noindex/SmartContacts.build/Debug-iphonesimulator/SmartContacts.build/SmartContacts-all-non-framework-target-headers.hmap (in target 'SmartContacts' from project 'SmartContacts')
    cd /Users/chamanlalsahu/Personal/Projects/Contact\ App/WatchOS/SmartContacts_watchOS1.4\ Final
    write-file /Users/chamanlalsahu/Library/Developer/Xcode/DerivedData/SmartContacts-gdxtxiqqxdanuegrnccodybcdlip/Build/Intermediates.noindex/SmartContacts.build/Debug-iphonesimulator/SmartContacts.build/SmartContacts-all-non-framework-target-headers.hmap

WriteAuxiliaryFile /Users/chamanlalsahu/Library/Developer/Xcode/DerivedData/SmartContacts-gdxtxiqqxdanuegrnccodybcdlip/Build/Intermediates.noindex/SmartContacts.build/Debug-iphonesimulator/SmartContacts.build/SmartContacts-DebugDylibPath-normal-arm64.txt (in target 'SmartContacts' from project 'SmartContacts')
    cd /Users/chamanlalsahu/Personal/Projects/Contact\ App/WatchOS/SmartContacts_watchOS1.4\ Final
    write-file /Users/chamanlalsahu/Library/Developer/Xcode/DerivedData/SmartContacts-gdxtxiqqxdanuegrnccodybcdlip/Build/Intermediates.noindex/SmartContacts.build/Debug-iphonesimulator/SmartContacts.build/SmartContacts-DebugDylibPath-normal-arm64.txt

WriteAuxiliaryFile /Users/chamanlalsahu/Library/Developer/Xcode/DerivedData/SmartContacts-gdxtxiqqxdanuegrnccodybcdlip/Build/Intermediates.noindex/SmartContacts.build/Debug-iphonesimulator/SmartContacts.build/SmartContacts-all-target-headers.hmap (in target 'SmartContacts' from project 'SmartContacts')
    cd /Users/chamanlalsahu/Personal/Projects/Contact\ App/WatchOS/SmartContacts_watchOS1.4\ Final
    write-file /Users/chamanlalsahu/Library/Developer/Xcode/DerivedData/SmartContacts-gdxtxiqqxdanuegrnccodybcdlip/Build/Intermediates.noindex/SmartContacts.build/Debug-iphonesimulator/SmartContacts.build/SmartContacts-all-target-headers.hmap

WriteAuxiliaryFile /Users/chamanlalsahu/Library/Developer/Xcode/DerivedData/SmartContacts-gdxtxiqqxdanuegrnccodybcdlip/Build/Intermediates.noindex/SmartContacts.build/Debug-iphonesimulator/SmartContacts.build/SmartContacts.DependencyStaticMetadataFileList (in target 'SmartContacts' from project 'SmartContacts')
    cd /Users/chamanlalsahu/Personal/Projects/Contact\ App/WatchOS/SmartContacts_watchOS1.4\ Final
    write-file /Users/chamanlalsahu/Library/Developer/Xcode/DerivedData/SmartContacts-gdxtxiqqxdanuegrnccodybcdlip/Build/Intermediates.noindex/SmartContacts.build/Debug-iphonesimulator/SmartContacts.build/SmartContacts.DependencyStaticMetadataFileList

WriteAuxiliaryFile /Users/chamanlalsahu/Library/Developer/Xcode/DerivedData/SmartContacts-gdxtxiqqxdanuegrnccodybcdlip/Build/Intermediates.noindex/SmartContacts.build/Debug-iphonesimulator/SmartContacts.build/SmartContacts.DependencyMetadataFileList (in target 'SmartContacts' from project 'SmartContacts')
    cd /Users/chamanlalsahu/Personal/Projects/Contact\ App/WatchOS/SmartContacts_watchOS1.4\ Final
    write-file /Users/chamanlalsahu/Library/Developer/Xcode/DerivedData/SmartContacts-gdxtxiqqxdanuegrnccodybcdlip/Build/Intermediates.noindex/SmartContacts.build/Debug-iphonesimulator/SmartContacts.build/SmartContacts.DependencyMetadataFileList

WriteAuxiliaryFile /Users/chamanlalsahu/Library/Developer/Xcode/DerivedData/SmartContacts-gdxtxiqqxdanuegrnccodybcdlip/Build/Intermediates.noindex/SmartContacts.build/Debug-iphonesimulator/SmartContacts.build/Script-DF35258B05AEEBF53BE2B483.sh (in target 'SmartContacts' from project 'SmartContacts')
    cd /Users/chamanlalsahu/Personal/Projects/Contact\ App/WatchOS/SmartContacts_watchOS1.4\ Final
    write-file /Users/chamanlalsahu/Library/Developer/Xcode/DerivedData/SmartContacts-gdxtxiqqxdanuegrnccodybcdlip/Build/Intermediates.noindex/SmartContacts.build/Debug-iphonesimulator/SmartContacts.build/Script-DF35258B05AEEBF53BE2B483.sh

WriteAuxiliaryFile /Users/chamanlalsahu/Library/Developer/Xcode/DerivedData/SmartContacts-gdxtxiqqxdanuegrnccodybcdlip/Build/Intermediates.noindex/SmartContacts.build/Debug-iphonesimulator/SmartContacts.build/Script-6C7D6ED7A3F6142C02928A60.sh (in target 'SmartContacts' from project 'SmartContacts')
    cd /Users/chamanlalsahu/Personal/Projects/Contact\ App/WatchOS/SmartContacts_watchOS1.4\ Final
    write-file /Users/chamanlalsahu/Library/Developer/Xcode/DerivedData/SmartContacts-gdxtxiqqxdanuegrnccodybcdlip/Build/Intermediates.noindex/SmartContacts.build/Debug-iphonesimulator/SmartContacts.build/Script-6C7D6ED7A3F6142C02928A60.sh

WriteAuxiliaryFile /Users/chamanlalsahu/Library/Developer/Xcode/DerivedData/SmartContacts-gdxtxiqqxdanuegrnccodybcdlip/Build/Intermediates.noindex/SmartContacts.build/Debug-iphonesimulator/SmartContacts.build/OutputFileList-DF35258B05AEEBF53BE2B483-Pods-SmartContacts-frameworks-Debug-output-files-cefb59ba92af3dfe4dc95d80e378abc5-resolved.xcfilelist (in target 'SmartContacts' from project 'SmartContacts')
    cd /Users/chamanlalsahu/Personal/Projects/Contact\ App/WatchOS/SmartContacts_watchOS1.4\ Final
    write-file /Users/chamanlalsahu/Library/Developer/Xcode/DerivedData/SmartContacts-gdxtxiqqxdanuegrnccodybcdlip/Build/Intermediates.noindex/SmartContacts.build/Debug-iphonesimulator/SmartContacts.build/OutputFileList-DF35258B05AEEBF53BE2B483-Pods-SmartContacts-frameworks-Debug-output-files-cefb59ba92af3dfe4dc95d80e378abc5-resolved.xcfilelist

WriteAuxiliaryFile /Users/chamanlalsahu/Library/Developer/Xcode/DerivedData/SmartContacts-gdxtxiqqxdanuegrnccodybcdlip/Build/Intermediates.noindex/SmartContacts.build/Debug-iphonesimulator/SmartContacts.build/Objects-normal/arm64/SmartContacts.SwiftFileList (in target 'SmartContacts' from project 'SmartContacts')
    cd /Users/chamanlalsahu/Personal/Projects/Contact\ App/WatchOS/SmartContacts_watchOS1.4\ Final
    write-file /Users/chamanlalsahu/Library/Developer/Xcode/DerivedData/SmartContacts-gdxtxiqqxdanuegrnccodybcdlip/Build/Intermediates.noindex/SmartContacts.build/Debug-iphonesimulator/SmartContacts.build/Objects-normal/arm64/SmartContacts.SwiftFileList

WriteAuxiliaryFile /Users/chamanlalsahu/Library/Developer/Xcode/DerivedData/SmartContacts-gdxtxiqqxdanuegrnccodybcdlip/Build/Intermediates.noindex/SmartContacts.build/Debug-iphonesimulator/SmartContacts.build/Objects-normal/arm64/SmartContacts.SwiftConstValuesFileList (in target 'SmartContacts' from project 'SmartContacts')
    cd /Users/chamanlalsahu/Personal/Projects/Contact\ App/WatchOS/SmartContacts_watchOS1.4\ Final
    write-file /Users/chamanlalsahu/Library/Developer/Xcode/DerivedData/SmartContacts-gdxtxiqqxdanuegrnccodybcdlip/Build/Intermediates.noindex/SmartContacts.build/Debug-iphonesimulator/SmartContacts.build/Objects-normal/arm64/SmartContacts.SwiftConstValuesFileList

WriteAuxiliaryFile /Users/chamanlalsahu/Library/Developer/Xcode/DerivedData/SmartContacts-gdxtxiqqxdanuegrnccodybcdlip/Build/Intermediates.noindex/SmartContacts.build/Debug-iphonesimulator/SmartContacts.build/Objects-normal/x86_64/SmartContacts_const_extract_protocols.json (in target 'SmartContacts' from project 'SmartContacts')
    cd /Users/chamanlalsahu/Personal/Projects/Contact\ App/WatchOS/SmartContacts_watchOS1.4\ Final
    write-file /Users/chamanlalsahu/Library/Developer/Xcode/DerivedData/SmartContacts-gdxtxiqqxdanuegrnccodybcdlip/Build/Intermediates.noindex/SmartContacts.build/Debug-iphonesimulator/SmartContacts.build/Objects-normal/x86_64/SmartContacts_const_extract_protocols.json

WriteAuxiliaryFile /Users/chamanlalsahu/Library/Developer/Xcode/DerivedData/SmartContacts-gdxtxiqqxdanuegrnccodybcdlip/Build/Intermediates.noindex/SmartContacts.build/Debug-iphonesimulator/SmartContacts.build/Objects-normal/arm64/SmartContacts.LinkFileList (in target 'SmartContacts' from project 'SmartContacts')
    cd /Users/chamanlalsahu/Personal/Projects/Contact\ App/WatchOS/SmartContacts_watchOS1.4\ Final
    write-file /Users/chamanlalsahu/Library/Developer/Xcode/DerivedData/SmartContacts-gdxtxiqqxdanuegrnccodybcdlip/Build/Intermediates.noindex/SmartContacts.build/Debug-iphonesimulator/SmartContacts.build/Objects-normal/arm64/SmartContacts.LinkFileList

WriteAuxiliaryFile /Users/chamanlalsahu/Library/Developer/Xcode/DerivedData/SmartContacts-gdxtxiqqxdanuegrnccodybcdlip/Build/Intermediates.noindex/SmartContacts.build/Debug-iphonesimulator/SmartContacts.build/Objects-normal/arm64/SmartContacts-OutputFileMap.json (in target 'SmartContacts' from project 'SmartContacts')
    cd /Users/chamanlalsahu/Personal/Projects/Contact\ App/WatchOS/SmartContacts_watchOS1.4\ Final
    write-file /Users/chamanlalsahu/Library/Developer/Xcode/DerivedData/SmartContacts-gdxtxiqqxdanuegrnccodybcdlip/Build/Intermediates.noindex/SmartContacts.build/Debug-iphonesimulator/SmartContacts.build/Objects-normal/arm64/SmartContacts-OutputFileMap.json

WriteAuxiliaryFile /Users/chamanlalsahu/Library/Developer/Xcode/DerivedData/SmartContacts-gdxtxiqqxdanuegrnccodybcdlip/Build/Intermediates.noindex/SmartContacts.build/Debug-iphonesimulator/SmartContacts.build/Objects-normal/x86_64/SmartContacts.SwiftFileList (in target 'SmartContacts' from project 'SmartContacts')
    cd /Users/chamanlalsahu/Personal/Projects/Contact\ App/WatchOS/SmartContacts_watchOS1.4\ Final
    write-file /Users/chamanlalsahu/Library/Developer/Xcode/DerivedData/SmartContacts-gdxtxiqqxdanuegrnccodybcdlip/Build/Intermediates.noindex/SmartContacts.build/Debug-iphonesimulator/SmartContacts.build/Objects-normal/x86_64/SmartContacts.SwiftFileList

WriteAuxiliaryFile /Users/chamanlalsahu/Library/Developer/Xcode/DerivedData/SmartContacts-gdxtxiqqxdanuegrnccodybcdlip/Build/Intermediates.noindex/SmartContacts.build/Debug-iphonesimulator/SmartContacts.build/Objects-normal/x86_64/SmartContacts.SwiftConstValuesFileList (in target 'SmartContacts' from project 'SmartContacts')
    cd /Users/chamanlalsahu/Personal/Projects/Contact\ App/WatchOS/SmartContacts_watchOS1.4\ Final
    write-file /Users/chamanlalsahu/Library/Developer/Xcode/DerivedData/SmartContacts-gdxtxiqqxdanuegrnccodybcdlip/Build/Intermediates.noindex/SmartContacts.build/Debug-iphonesimulator/SmartContacts.build/Objects-normal/x86_64/SmartContacts.SwiftConstValuesFileList

WriteAuxiliaryFile /Users/chamanlalsahu/Library/Developer/Xcode/DerivedData/SmartContacts-gdxtxiqqxdanuegrnccodybcdlip/Build/Intermediates.noindex/SmartContacts.build/Debug-iphonesimulator/SmartContacts.build/Objects-normal/x86_64/SmartContacts.LinkFileList (in target 'SmartContacts' from project 'SmartContacts')
    cd /Users/chamanlalsahu/Personal/Projects/Contact\ App/WatchOS/SmartContacts_watchOS1.4\ Final
    write-file /Users/chamanlalsahu/Library/Developer/Xcode/DerivedData/SmartContacts-gdxtxiqqxdanuegrnccodybcdlip/Build/Intermediates.noindex/SmartContacts.build/Debug-iphonesimulator/SmartContacts.build/Objects-normal/x86_64/SmartContacts.LinkFileList

WriteAuxiliaryFile /Users/chamanlalsahu/Library/Developer/Xcode/DerivedData/SmartContacts-gdxtxiqqxdanuegrnccodybcdlip/Build/Intermediates.noindex/SmartContacts.build/Debug-iphonesimulator/SmartContacts.build/Objects-normal/x86_64/SmartContacts-OutputFileMap.json (in target 'SmartContacts' from project 'SmartContacts')
    cd /Users/chamanlalsahu/Personal/Projects/Contact\ App/WatchOS/SmartContacts_watchOS1.4\ Final
    write-file /Users/chamanlalsahu/Library/Developer/Xcode/DerivedData/SmartContacts-gdxtxiqqxdanuegrnccodybcdlip/Build/Intermediates.noindex/SmartContacts.build/Debug-iphonesimulator/SmartContacts.build/Objects-normal/x86_64/SmartContacts-OutputFileMap.json

WriteAuxiliaryFile /Users/chamanlalsahu/Library/Developer/Xcode/DerivedData/SmartContacts-gdxtxiqqxdanuegrnccodybcdlip/Build/Intermediates.noindex/SmartContacts.build/Debug-iphonesimulator/SmartContacts.build/Objects-normal/arm64/SmartContacts_const_extract_protocols.json (in target 'SmartContacts' from project 'SmartContacts')
    cd /Users/chamanlalsahu/Personal/Projects/Contact\ App/WatchOS/SmartContacts_watchOS1.4\ Final
    write-file /Users/chamanlalsahu/Library/Developer/Xcode/DerivedData/SmartContacts-gdxtxiqqxdanuegrnccodybcdlip/Build/Intermediates.noindex/SmartContacts.build/Debug-iphonesimulator/SmartContacts.build/Objects-normal/arm64/SmartContacts_const_extract_protocols.json

WriteAuxiliaryFile /Users/chamanlalsahu/Library/Developer/Xcode/DerivedData/SmartContacts-gdxtxiqqxdanuegrnccodybcdlip/Build/Intermediates.noindex/SmartContacts.build/Debug-iphonesimulator/SmartContacts.build/InputFileList-DF35258B05AEEBF53BE2B483-Pods-SmartContacts-frameworks-Debug-input-files-7c8fd1e0a29e97db09e16851d1117eea-resolved.xcfilelist (in target 'SmartContacts' from project 'SmartContacts')
    cd /Users/chamanlalsahu/Personal/Projects/Contact\ App/WatchOS/SmartContacts_watchOS1.4\ Final
    write-file /Users/chamanlalsahu/Library/Developer/Xcode/DerivedData/SmartContacts-gdxtxiqqxdanuegrnccodybcdlip/Build/Intermediates.noindex/SmartContacts.build/Debug-iphonesimulator/SmartContacts.build/InputFileList-DF35258B05AEEBF53BE2B483-Pods-SmartContacts-frameworks-Debug-input-files-7c8fd1e0a29e97db09e16851d1117eea-resolved.xcfilelist

MkDir /Users/chamanlalsahu/Library/Developer/Xcode/DerivedData/SmartContacts-gdxtxiqqxdanuegrnccodybcdlip/Build/Products/Debug-iphonesimulator/SmartContacts.app (in target 'SmartContacts' from project 'SmartContacts')
    cd /Users/chamanlalsahu/Personal/Projects/Contact\ App/WatchOS/SmartContacts_watchOS1.4\ Final
    /bin/mkdir -p /Users/chamanlalsahu/Library/Developer/Xcode/DerivedData/SmartContacts-gdxtxiqqxdanuegrnccodybcdlip/Build/Products/Debug-iphonesimulator/SmartContacts.app

MkDir /Users/chamanlalsahu/Library/Developer/Xcode/DerivedData/SmartContacts-gdxtxiqqxdanuegrnccodybcdlip/Build/Products/Debug-iphonesimulator/SmartContacts.app/Frameworks (in target 'SmartContacts' from project 'SmartContacts')
    cd /Users/chamanlalsahu/Personal/Projects/Contact\ App/WatchOS/SmartContacts_watchOS1.4\ Final
    /bin/mkdir -p /Users/chamanlalsahu/Library/Developer/Xcode/DerivedData/SmartContacts-gdxtxiqqxdanuegrnccodybcdlip/Build/Products/Debug-iphonesimulator/SmartContacts.app/Frameworks

PhaseScriptExecution [CP]\ Check\ Pods\ Manifest.lock /Users/chamanlalsahu/Library/Developer/Xcode/DerivedData/SmartContacts-gdxtxiqqxdanuegrnccodybcdlip/Build/Intermediates.noindex/SmartContacts.build/Debug-iphonesimulator/SmartContacts.build/Script-6C7D6ED7A3F6142C02928A60.sh (in target 'SmartContacts' from project 'SmartContacts')
    cd /Users/chamanlalsahu/Personal/Projects/Contact\ App/WatchOS/SmartContacts_watchOS1.4\ Final
    /bin/sh -c /Users/chamanlalsahu/Library/Developer/Xcode/DerivedData/SmartContacts-gdxtxiqqxdanuegrnccodybcdlip/Build/Intermediates.noindex/SmartContacts.build/Debug-iphonesimulator/SmartContacts.build/Script-6C7D6ED7A3F6142C02928A60.sh

DataModelCompile /Users/chamanlalsahu/Library/Developer/Xcode/DerivedData/SmartContacts-gdxtxiqqxdanuegrnccodybcdlip/Build/Products/Debug-iphonesimulator/SmartContacts.app/ /Users/chamanlalsahu/Personal/Projects/Contact\ App/WatchOS/SmartContacts_watchOS1.4\ Final/SmartContacts/Core\ Data/SmartContacts.xcdatamodeld (in target 'SmartContacts' from project 'SmartContacts')
    cd /Users/chamanlalsahu/Personal/Projects/Contact\ App/WatchOS/SmartContacts_watchOS1.4\ Final
    /Applications/Xcode.app/Contents/Developer/usr/bin/momc --sdkroot /Applications/Xcode.app/Contents/Developer/Platforms/iPhoneSimulator.platform/Developer/SDKs/iPhoneSimulator26.0.sdk --iphonesimulator-deployment-target 15.6 --module SmartContacts /Users/chamanlalsahu/Personal/Projects/Contact\ App/WatchOS/SmartContacts_watchOS1.4\ Final/SmartContacts/Core\ Data/SmartContacts.xcdatamodeld /Users/chamanlalsahu/Library/Developer/Xcode/DerivedData/SmartContacts-gdxtxiqqxdanuegrnccodybcdlip/Build/Products/Debug-iphonesimulator/SmartContacts.app/
Model.xcdatamodel: note: Model Model version checksum: W3hSCqHHTDjhWHJ+WllBYU9huHwbzVGZfn1ycG+Uq3c=

GenerateAssetSymbols /Users/chamanlalsahu/Personal/Projects/Contact\ App/WatchOS/SmartContacts_watchOS1.4\ Final/SmartContacts/New\ Group/Assets.xcassets (in target 'SmartContacts' from project 'SmartContacts')
    cd /Users/chamanlalsahu/Personal/Projects/Contact\ App/WatchOS/SmartContacts_watchOS1.4\ Final
    /Applications/Xcode.app/Contents/Developer/usr/bin/actool /Users/chamanlalsahu/Personal/Projects/Contact\ App/WatchOS/SmartContacts_watchOS1.4\ Final/SmartContacts/New\ Group/Assets.xcassets --compile /Users/chamanlalsahu/Library/Developer/Xcode/DerivedData/SmartContacts-gdxtxiqqxdanuegrnccodybcdlip/Build/Products/Debug-iphonesimulator/SmartContacts.app --output-format human-readable-text --notices --warnings --export-dependency-info /Users/chamanlalsahu/Library/Developer/Xcode/DerivedData/SmartContacts-gdxtxiqqxdanuegrnccodybcdlip/Build/Intermediates.noindex/SmartContacts.build/Debug-iphonesimulator/SmartContacts.build/assetcatalog_dependencies --output-partial-info-plist /Users/chamanlalsahu/Library/Developer/Xcode/DerivedData/SmartContacts-gdxtxiqqxdanuegrnccodybcdlip/Build/Intermediates.noindex/SmartContacts.build/Debug-iphonesimulator/SmartContacts.build/assetcatalog_generated_info.plist --app-icon AppIcon --compress-pngs --enable-on-demand-resources YES --development-region en --target-device iphone --target-device ipad --minimum-deployment-target 15.6 --platform iphonesimulator --bundle-identifier com.manage.raagleela --generate-swift-asset-symbol-extensions NO --generate-swift-asset-symbols /Users/chamanlalsahu/Library/Developer/Xcode/DerivedData/SmartContacts-gdxtxiqqxdanuegrnccodybcdlip/Build/Intermediates.noindex/SmartContacts.build/Debug-iphonesimulator/SmartContacts.build/DerivedSources/GeneratedAssetSymbols.swift --generate-objc-asset-symbols /Users/chamanlalsahu/Library/Developer/Xcode/DerivedData/SmartContacts-gdxtxiqqxdanuegrnccodybcdlip/Build/Intermediates.noindex/SmartContacts.build/Debug-iphonesimulator/SmartContacts.build/DerivedSources/GeneratedAssetSymbols.h --generate-asset-symbol-index /Users/chamanlalsahu/Library/Developer/Xcode/DerivedData/SmartContacts-gdxtxiqqxdanuegrnccodybcdlip/Build/Intermediates.noindex/SmartContacts.build/Debug-iphonesimulator/SmartContacts.build/DerivedSources/GeneratedAssetSymbols-Index.plist
/* com.apple.actool.compilation-results */
/Users/chamanlalsahu/Library/Developer/Xcode/DerivedData/SmartContacts-gdxtxiqqxdanuegrnccodybcdlip/Build/Intermediates.noindex/SmartContacts.build/Debug-iphonesimulator/SmartContacts.build/DerivedSources/GeneratedAssetSymbols-Index.plist
/Users/chamanlalsahu/Library/Developer/Xcode/DerivedData/SmartContacts-gdxtxiqqxdanuegrnccodybcdlip/Build/Intermediates.noindex/SmartContacts.build/Debug-iphonesimulator/SmartContacts.build/DerivedSources/GeneratedAssetSymbols.h
/Users/chamanlalsahu/Library/Developer/Xcode/DerivedData/SmartContacts-gdxtxiqqxdanuegrnccodybcdlip/Build/Intermediates.noindex/SmartContacts.build/Debug-iphonesimulator/SmartContacts.build/DerivedSources/GeneratedAssetSymbols.swift


CopyPNGFile /Users/chamanlalsahu/Library/Developer/Xcode/DerivedData/SmartContacts-gdxtxiqqxdanuegrnccodybcdlip/Build/Products/Debug-iphonesimulator/SmartContacts.app/logo_main.png /Users/chamanlalsahu/Personal/Projects/Contact\ App/WatchOS/SmartContacts_watchOS1.4\ Final/SmartContacts/New\ Group/logo_main.png (in target 'SmartContacts' from project 'SmartContacts')
    cd /Users/chamanlalsahu/Personal/Projects/Contact\ App/WatchOS/SmartContacts_watchOS1.4\ Final
    /Applications/Xcode.app/Contents/Developer/usr/bin/copypng -compress -strip-PNG-text /Users/chamanlalsahu/Personal/Projects/Contact\ App/WatchOS/SmartContacts_watchOS1.4\ Final/SmartContacts/New\ Group/logo_main.png /Users/chamanlalsahu/Library/Developer/Xcode/DerivedData/SmartContacts-gdxtxiqqxdanuegrnccodybcdlip/Build/Products/Debug-iphonesimulator/SmartContacts.app/logo_main.png

MkDir /Users/chamanlalsahu/Library/Developer/Xcode/DerivedData/SmartContacts-gdxtxiqqxdanuegrnccodybcdlip/Build/Intermediates.noindex/SmartContacts.build/Debug-iphonesimulator/SmartContacts.build/assetcatalog_output/thinned (in target 'SmartContacts' from project 'SmartContacts')
    cd /Users/chamanlalsahu/Personal/Projects/Contact\ App/WatchOS/SmartContacts_watchOS1.4\ Final
    /bin/mkdir -p /Users/chamanlalsahu/Library/Developer/Xcode/DerivedData/SmartContacts-gdxtxiqqxdanuegrnccodybcdlip/Build/Intermediates.noindex/SmartContacts.build/Debug-iphonesimulator/SmartContacts.build/assetcatalog_output/thinned

MkDir /Users/chamanlalsahu/Library/Developer/Xcode/DerivedData/SmartContacts-gdxtxiqqxdanuegrnccodybcdlip/Build/Intermediates.noindex/SmartContacts.build/Debug-iphonesimulator/SmartContacts.build/assetcatalog_output/unthinned (in target 'SmartContacts' from project 'SmartContacts')
    cd /Users/chamanlalsahu/Personal/Projects/Contact\ App/WatchOS/SmartContacts_watchOS1.4\ Final
    /bin/mkdir -p /Users/chamanlalsahu/Library/Developer/Xcode/DerivedData/SmartContacts-gdxtxiqqxdanuegrnccodybcdlip/Build/Intermediates.noindex/SmartContacts.build/Debug-iphonesimulator/SmartContacts.build/assetcatalog_output/unthinned

Ld /Users/chamanlalsahu/Library/Developer/Xcode/DerivedData/SmartContacts-gdxtxiqqxdanuegrnccodybcdlip/Build/Intermediates.noindex/SmartContacts.build/Debug-iphonesimulator/SmartContacts.build/Objects-normal/x86_64/Binary/__preview.dylib normal x86_64 (in target 'SmartContacts' from project 'SmartContacts')
    cd /Users/chamanlalsahu/Personal/Projects/Contact\ App/WatchOS/SmartContacts_watchOS1.4\ Final
    /Applications/Xcode.app/Contents/Developer/Toolchains/XcodeDefault.xctoolchain/usr/bin/clang -Xlinker -reproducible -target x86_64-apple-ios15.6-simulator -dynamiclib -isysroot /Applications/Xcode.app/Contents/Developer/Platforms/iPhoneSimulator.platform/Developer/SDKs/iPhoneSimulator26.0.sdk -O0 -L/Users/chamanlalsahu/Library/Developer/Xcode/DerivedData/SmartContacts-gdxtxiqqxdanuegrnccodybcdlip/Build/Products/Debug-iphonesimulator -L/Applications/Xcode.app/Contents/Developer/Toolchains/XcodeDefault.xctoolchain/usr/lib/swift/iphonesimulator -L/Applications/Xcode.app/Contents/Developer/Platforms/iPhoneSimulator.platform/Developer/SDKs/iPhoneSimulator26.0.sdk/usr/lib/swift -F/Users/chamanlalsahu/Library/Developer/Xcode/DerivedData/SmartContacts-gdxtxiqqxdanuegrnccodybcdlip/Build/Products/Debug-iphonesimulator -F/Users/chamanlalsahu/Library/Developer/Xcode/DerivedData/SmartContacts-gdxtxiqqxdanuegrnccodybcdlip/Build/Products/Debug-iphonesimulator/AppAuth -F/Users/chamanlalsahu/Library/Developer/Xcode/DerivedData/SmartContacts-gdxtxiqqxdanuegrnccodybcdlip/Build/Products/Debug-iphonesimulator/AppCheckCore -F/Users/chamanlalsahu/Library/Developer/Xcode/DerivedData/SmartContacts-gdxtxiqqxdanuegrnccodybcdlip/Build/Products/Debug-iphonesimulator/GTMAppAuth -F/Users/chamanlalsahu/Library/Developer/Xcode/DerivedData/SmartContacts-gdxtxiqqxdanuegrnccodybcdlip/Build/Products/Debug-iphonesimulator/GTMSessionFetcher -F/Users/chamanlalsahu/Library/Developer/Xcode/DerivedData/SmartContacts-gdxtxiqqxdanuegrnccodybcdlip/Build/Products/Debug-iphonesimulator/GoogleSignIn -F/Users/chamanlalsahu/Library/Developer/Xcode/DerivedData/SmartContacts-gdxtxiqqxdanuegrnccodybcdlip/Build/Products/Debug-iphonesimulator/GoogleUtilities -F/Users/chamanlalsahu/Library/Developer/Xcode/DerivedData/SmartContacts-gdxtxiqqxdanuegrnccodybcdlip/Build/Products/Debug-iphonesimulator/MBProgressHUD -F/Users/chamanlalsahu/Library/Developer/Xcode/DerivedData/SmartContacts-gdxtxiqqxdanuegrnccodybcdlip/Build/Products/Debug-iphonesimulator/PromisesObjC -install_name @rpath/SmartContacts.debug.dylib -dead_strip -rdynamic -Xlinker -no_deduplicate -Xlinker -objc_abi_version -Xlinker 2 -Xlinker -dependency_info -Xlinker /Users/chamanlalsahu/Library/Developer/Xcode/DerivedData/SmartContacts-gdxtxiqqxdanuegrnccodybcdlip/Build/Intermediates.noindex/SmartContacts.build/Debug-iphonesimulator/SmartContacts.build/Objects-normal/x86_64/SmartContacts_dependency_info.dat -o /Users/chamanlalsahu/Library/Developer/Xcode/DerivedData/SmartContacts-gdxtxiqqxdanuegrnccodybcdlip/Build/Intermediates.noindex/SmartContacts.build/Debug-iphonesimulator/SmartContacts.build/Objects-normal/x86_64/Binary/__preview.dylib
ld: warning: search path '/Users/chamanlalsahu/Library/Developer/Xcode/DerivedData/SmartContacts-gdxtxiqqxdanuegrnccodybcdlip/Build/Products/Debug-iphonesimulator/AppAuth' not found
ld: warning: search path '/Users/chamanlalsahu/Library/Developer/Xcode/DerivedData/SmartContacts-gdxtxiqqxdanuegrnccodybcdlip/Build/Products/Debug-iphonesimulator/AppCheckCore' not found
ld: warning: search path '/Users/chamanlalsahu/Library/Developer/Xcode/DerivedData/SmartContacts-gdxtxiqqxdanuegrnccodybcdlip/Build/Products/Debug-iphonesimulator/GTMAppAuth' not found
ld: warning: search path '/Users/chamanlalsahu/Library/Developer/Xcode/DerivedData/SmartContacts-gdxtxiqqxdanuegrnccodybcdlip/Build/Products/Debug-iphonesimulator/GTMSessionFetcher' not found
ld: warning: search path '/Users/chamanlalsahu/Library/Developer/Xcode/DerivedData/SmartContacts-gdxtxiqqxdanuegrnccodybcdlip/Build/Products/Debug-iphonesimulator/GoogleSignIn' not found
ld: warning: search path '/Users/chamanlalsahu/Library/Developer/Xcode/DerivedData/SmartContacts-gdxtxiqqxdanuegrnccodybcdlip/Build/Products/Debug-iphonesimulator/GoogleUtilities' not found
ld: warning: search path '/Users/chamanlalsahu/Library/Developer/Xcode/DerivedData/SmartContacts-gdxtxiqqxdanuegrnccodybcdlip/Build/Products/Debug-iphonesimulator/MBProgressHUD' not found
ld: warning: search path '/Users/chamanlalsahu/Library/Developer/Xcode/DerivedData/SmartContacts-gdxtxiqqxdanuegrnccodybcdlip/Build/Products/Debug-iphonesimulator/PromisesObjC' not found

Ld /Users/chamanlalsahu/Library/Developer/Xcode/DerivedData/SmartContacts-gdxtxiqqxdanuegrnccodybcdlip/Build/Intermediates.noindex/SmartContacts.build/Debug-iphonesimulator/SmartContacts.build/Objects-normal/arm64/Binary/__preview.dylib normal arm64 (in target 'SmartContacts' from project 'SmartContacts')
    cd /Users/chamanlalsahu/Personal/Projects/Contact\ App/WatchOS/SmartContacts_watchOS1.4\ Final
    /Applications/Xcode.app/Contents/Developer/Toolchains/XcodeDefault.xctoolchain/usr/bin/clang -Xlinker -reproducible -target arm64-apple-ios15.6-simulator -dynamiclib -isysroot /Applications/Xcode.app/Contents/Developer/Platforms/iPhoneSimulator.platform/Developer/SDKs/iPhoneSimulator26.0.sdk -O0 -L/Users/chamanlalsahu/Library/Developer/Xcode/DerivedData/SmartContacts-gdxtxiqqxdanuegrnccodybcdlip/Build/Products/Debug-iphonesimulator -L/Applications/Xcode.app/Contents/Developer/Toolchains/XcodeDefault.xctoolchain/usr/lib/swift/iphonesimulator -L/Applications/Xcode.app/Contents/Developer/Platforms/iPhoneSimulator.platform/Developer/SDKs/iPhoneSimulator26.0.sdk/usr/lib/swift -F/Users/chamanlalsahu/Library/Developer/Xcode/DerivedData/SmartContacts-gdxtxiqqxdanuegrnccodybcdlip/Build/Products/Debug-iphonesimulator -F/Users/chamanlalsahu/Library/Developer/Xcode/DerivedData/SmartContacts-gdxtxiqqxdanuegrnccodybcdlip/Build/Products/Debug-iphonesimulator/AppAuth -F/Users/chamanlalsahu/Library/Developer/Xcode/DerivedData/SmartContacts-gdxtxiqqxdanuegrnccodybcdlip/Build/Products/Debug-iphonesimulator/AppCheckCore -F/Users/chamanlalsahu/Library/Developer/Xcode/DerivedData/SmartContacts-gdxtxiqqxdanuegrnccodybcdlip/Build/Products/Debug-iphonesimulator/GTMAppAuth -F/Users/chamanlalsahu/Library/Developer/Xcode/DerivedData/SmartContacts-gdxtxiqqxdanuegrnccodybcdlip/Build/Products/Debug-iphonesimulator/GTMSessionFetcher -F/Users/chamanlalsahu/Library/Developer/Xcode/DerivedData/SmartContacts-gdxtxiqqxdanuegrnccodybcdlip/Build/Products/Debug-iphonesimulator/GoogleSignIn -F/Users/chamanlalsahu/Library/Developer/Xcode/DerivedData/SmartContacts-gdxtxiqqxdanuegrnccodybcdlip/Build/Products/Debug-iphonesimulator/GoogleUtilities -F/Users/chamanlalsahu/Library/Developer/Xcode/DerivedData/SmartContacts-gdxtxiqqxdanuegrnccodybcdlip/Build/Products/Debug-iphonesimulator/MBProgressHUD -F/Users/chamanlalsahu/Library/Developer/Xcode/DerivedData/SmartContacts-gdxtxiqqxdanuegrnccodybcdlip/Build/Products/Debug-iphonesimulator/PromisesObjC -install_name @rpath/SmartContacts.debug.dylib -dead_strip -rdynamic -Xlinker -no_deduplicate -Xlinker -objc_abi_version -Xlinker 2 -Xlinker -dependency_info -Xlinker /Users/chamanlalsahu/Library/Developer/Xcode/DerivedData/SmartContacts-gdxtxiqqxdanuegrnccodybcdlip/Build/Intermediates.noindex/SmartContacts.build/Debug-iphonesimulator/SmartContacts.build/Objects-normal/arm64/SmartContacts_dependency_info.dat -o /Users/chamanlalsahu/Library/Developer/Xcode/DerivedData/SmartContacts-gdxtxiqqxdanuegrnccodybcdlip/Build/Intermediates.noindex/SmartContacts.build/Debug-iphonesimulator/SmartContacts.build/Objects-normal/arm64/Binary/__preview.dylib
ld: warning: search path '/Users/chamanlalsahu/Library/Developer/Xcode/DerivedData/SmartContacts-gdxtxiqqxdanuegrnccodybcdlip/Build/Products/Debug-iphonesimulator/AppAuth' not found
ld: warning: search path '/Users/chamanlalsahu/Library/Developer/Xcode/DerivedData/SmartContacts-gdxtxiqqxdanuegrnccodybcdlip/Build/Products/Debug-iphonesimulator/AppCheckCore' not found
ld: warning: search path '/Users/chamanlalsahu/Library/Developer/Xcode/DerivedData/SmartContacts-gdxtxiqqxdanuegrnccodybcdlip/Build/Products/Debug-iphonesimulator/GTMAppAuth' not found
ld: warning: search path '/Users/chamanlalsahu/Library/Developer/Xcode/DerivedData/SmartContacts-gdxtxiqqxdanuegrnccodybcdlip/Build/Products/Debug-iphonesimulator/GTMSessionFetcher' not found
ld: warning: search path '/Users/chamanlalsahu/Library/Developer/Xcode/DerivedData/SmartContacts-gdxtxiqqxdanuegrnccodybcdlip/Build/Products/Debug-iphonesimulator/GoogleSignIn' not found
ld: warning: search path '/Users/chamanlalsahu/Library/Developer/Xcode/DerivedData/SmartContacts-gdxtxiqqxdanuegrnccodybcdlip/Build/Products/Debug-iphonesimulator/GoogleUtilities' not found
ld: warning: search path '/Users/chamanlalsahu/Library/Developer/Xcode/DerivedData/SmartContacts-gdxtxiqqxdanuegrnccodybcdlip/Build/Products/Debug-iphonesimulator/MBProgressHUD' not found
ld: warning: search path '/Users/chamanlalsahu/Library/Developer/Xcode/DerivedData/SmartContacts-gdxtxiqqxdanuegrnccodybcdlip/Build/Products/Debug-iphonesimulator/PromisesObjC' not found

CompileStoryboard /Users/chamanlalsahu/Personal/Projects/Contact\ App/WatchOS/SmartContacts_watchOS1.4\ Final/SmartContacts/Base.lproj/LaunchScreen.storyboard (in target 'SmartContacts' from project 'SmartContacts')
    cd /Users/chamanlalsahu/Personal/Projects/Contact\ App/WatchOS/SmartContacts_watchOS1.4\ Final
    /Applications/Xcode.app/Contents/Developer/usr/bin/ibtool --errors --warnings --notices --module SmartContacts --output-partial-info-plist /Users/chamanlalsahu/Library/Developer/Xcode/DerivedData/SmartContacts-gdxtxiqqxdanuegrnccodybcdlip/Build/Intermediates.noindex/SmartContacts.build/Debug-iphonesimulator/SmartContacts.build/Base.lproj/LaunchScreen-SBPartialInfo.plist --auto-activate-custom-fonts --target-device iphone --target-device ipad --minimum-deployment-target 15.6 --output-format human-readable-text /Users/chamanlalsahu/Personal/Projects/Contact\ App/WatchOS/SmartContacts_watchOS1.4\ Final/SmartContacts/Base.lproj/LaunchScreen.storyboard --compilation-directory /Users/chamanlalsahu/Library/Developer/Xcode/DerivedData/SmartContacts-gdxtxiqqxdanuegrnccodybcdlip/Build/Intermediates.noindex/SmartContacts.build/Debug-iphonesimulator/SmartContacts.build/Base.lproj

CompileAssetCatalogVariant thinned /Users/chamanlalsahu/Library/Developer/Xcode/DerivedData/SmartContacts-gdxtxiqqxdanuegrnccodybcdlip/Build/Products/Debug-iphonesimulator/SmartContacts.app /Users/chamanlalsahu/Personal/Projects/Contact\ App/WatchOS/SmartContacts_watchOS1.4\ Final/SmartContacts/New\ Group/Assets.xcassets (in target 'SmartContacts' from project 'SmartContacts')
    cd /Users/chamanlalsahu/Personal/Projects/Contact\ App/WatchOS/SmartContacts_watchOS1.4\ Final
    /Applications/Xcode.app/Contents/Developer/usr/bin/actool /Users/chamanlalsahu/Personal/Projects/Contact\ App/WatchOS/SmartContacts_watchOS1.4\ Final/SmartContacts/New\ Group/Assets.xcassets --compile /Users/chamanlalsahu/Library/Developer/Xcode/DerivedData/SmartContacts-gdxtxiqqxdanuegrnccodybcdlip/Build/Intermediates.noindex/SmartContacts.build/Debug-iphonesimulator/SmartContacts.build/assetcatalog_output/thinned --output-format human-readable-text --notices --warnings --export-dependency-info /Users/chamanlalsahu/Library/Developer/Xcode/DerivedData/SmartContacts-gdxtxiqqxdanuegrnccodybcdlip/Build/Intermediates.noindex/SmartContacts.build/Debug-iphonesimulator/SmartContacts.build/assetcatalog_dependencies_thinned --output-partial-info-plist /Users/chamanlalsahu/Library/Developer/Xcode/DerivedData/SmartContacts-gdxtxiqqxdanuegrnccodybcdlip/Build/Intermediates.noindex/SmartContacts.build/Debug-iphonesimulator/SmartContacts.build/assetcatalog_generated_info.plist_thinned --app-icon AppIcon --compress-pngs --enable-on-demand-resources YES --development-region en --target-device iphone --target-device ipad --minimum-deployment-target 15.6 --platform iphonesimulator

CreateUniversalBinary /Users/chamanlalsahu/Library/Developer/Xcode/DerivedData/SmartContacts-gdxtxiqqxdanuegrnccodybcdlip/Build/Products/Debug-iphonesimulator/SmartContacts.app/__preview.dylib normal arm64\ x86_64 (in target 'SmartContacts' from project 'SmartContacts')
    cd /Users/chamanlalsahu/Personal/Projects/Contact\ App/WatchOS/SmartContacts_watchOS1.4\ Final
    /Applications/Xcode.app/Contents/Developer/Toolchains/XcodeDefault.xctoolchain/usr/bin/lipo -create /Users/chamanlalsahu/Library/Developer/Xcode/DerivedData/SmartContacts-gdxtxiqqxdanuegrnccodybcdlip/Build/Intermediates.noindex/SmartContacts.build/Debug-iphonesimulator/SmartContacts.build/Objects-normal/arm64/Binary/__preview.dylib /Users/chamanlalsahu/Library/Developer/Xcode/DerivedData/SmartContacts-gdxtxiqqxdanuegrnccodybcdlip/Build/Intermediates.noindex/SmartContacts.build/Debug-iphonesimulator/SmartContacts.build/Objects-normal/x86_64/Binary/__preview.dylib -output /Users/chamanlalsahu/Library/Developer/Xcode/DerivedData/SmartContacts-gdxtxiqqxdanuegrnccodybcdlip/Build/Products/Debug-iphonesimulator/SmartContacts.app/__preview.dylib

SwiftDriver SmartContacts normal x86_64 com.apple.xcode.tools.swift.compiler (in target 'SmartContacts' from project 'SmartContacts')
    cd /Users/chamanlalsahu/Personal/Projects/Contact\ App/WatchOS/SmartContacts_watchOS1.4\ Final
    builtin-SwiftDriver -- /Applications/Xcode.app/Contents/Developer/Toolchains/XcodeDefault.xctoolchain/usr/bin/swiftc -module-name SmartContacts -Onone -enforce-exclusivity\=checked @/Users/chamanlalsahu/Library/Developer/Xcode/DerivedData/SmartContacts-gdxtxiqqxdanuegrnccodybcdlip/Build/Intermediates.noindex/SmartContacts.build/Debug-iphonesimulator/SmartContacts.build/Objects-normal/x86_64/SmartContacts.SwiftFileList -DDEBUG -D COCOAPODS -enable-bare-slash-regex -enable-experimental-feature DebugDescriptionMacro -sdk /Applications/Xcode.app/Contents/Developer/Platforms/iPhoneSimulator.platform/Developer/SDKs/iPhoneSimulator26.0.sdk -target x86_64-apple-ios15.6-simulator -g -module-cache-path /Users/chamanlalsahu/Library/Developer/Xcode/DerivedData/ModuleCache.noindex -Xfrontend -serialize-debugging-options -enable-testing -index-store-path /Users/chamanlalsahu/Library/Developer/Xcode/DerivedData/SmartContacts-gdxtxiqqxdanuegrnccodybcdlip/Index.noindex/DataStore -Xcc -D_LIBCPP_HARDENING_MODE\=_LIBCPP_HARDENING_MODE_DEBUG -swift-version 5 -I /Users/chamanlalsahu/Library/Developer/Xcode/DerivedData/SmartContacts-gdxtxiqqxdanuegrnccodybcdlip/Build/Products/Debug-iphonesimulator -F /Users/chamanlalsahu/Library/Developer/Xcode/DerivedData/SmartContacts-gdxtxiqqxdanuegrnccodybcdlip/Build/Products/Debug-iphonesimulator -F /Users/chamanlalsahu/Library/Developer/Xcode/DerivedData/SmartContacts-gdxtxiqqxdanuegrnccodybcdlip/Build/Products/Debug-iphonesimulator/AppAuth -F /Users/chamanlalsahu/Library/Developer/Xcode/DerivedData/SmartContacts-gdxtxiqqxdanuegrnccodybcdlip/Build/Products/Debug-iphonesimulator/AppCheckCore -F /Users/chamanlalsahu/Library/Developer/Xcode/DerivedData/SmartContacts-gdxtxiqqxdanuegrnccodybcdlip/Build/Products/Debug-iphonesimulator/GTMAppAuth -F /Users/chamanlalsahu/Library/Developer/Xcode/DerivedData/SmartContacts-gdxtxiqqxdanuegrnccodybcdlip/Build/Products/Debug-iphonesimulator/GTMSessionFetcher -F /Users/chamanlalsahu/Library/Developer/Xcode/DerivedData/SmartContacts-gdxtxiqqxdanuegrnccodybcdlip/Build/Products/Debug-iphonesimulator/GoogleSignIn -F /Users/chamanlalsahu/Library/Developer/Xcode/DerivedData/SmartContacts-gdxtxiqqxdanuegrnccodybcdlip/Build/Products/Debug-iphonesimulator/GoogleUtilities -F /Users/chamanlalsahu/Library/Developer/Xcode/DerivedData/SmartContacts-gdxtxiqqxdanuegrnccodybcdlip/Build/Products/Debug-iphonesimulator/MBProgressHUD -F /Users/chamanlalsahu/Library/Developer/Xcode/DerivedData/SmartContacts-gdxtxiqqxdanuegrnccodybcdlip/Build/Products/Debug-iphonesimulator/PromisesObjC -c -j12 -enable-batch-mode -incremental -Xcc -ivfsstatcache -Xcc /Users/chamanlalsahu/Library/Developer/Xcode/DerivedData/SDKStatCaches.noindex/iphonesimulator26.0-23A339-26257891a6c027eb51374368541b8346.sdkstatcache -output-file-map /Users/chamanlalsahu/Library/Developer/Xcode/DerivedData/SmartContacts-gdxtxiqqxdanuegrnccodybcdlip/Build/Intermediates.noindex/SmartContacts.build/Debug-iphonesimulator/SmartContacts.build/Objects-normal/x86_64/SmartContacts-OutputFileMap.json -use-frontend-parseable-output -save-temps -no-color-diagnostics -explicit-module-build -module-cache-path /Users/chamanlalsahu/Library/Developer/Xcode/DerivedData/SmartContacts-gdxtxiqqxdanuegrnccodybcdlip/Build/Intermediates.noindex/SwiftExplicitPrecompiledModules -clang-scanner-module-cache-path /Users/chamanlalsahu/Library/Developer/Xcode/DerivedData/ModuleCache.noindex -sdk-module-cache-path /Users/chamanlalsahu/Library/Developer/Xcode/DerivedData/ModuleCache.noindex -serialize-diagnostics -emit-dependencies -emit-module -emit-module-path /Users/chamanlalsahu/Library/Developer/Xcode/DerivedData/SmartContacts-gdxtxiqqxdanuegrnccodybcdlip/Build/Intermediates.noindex/SmartContacts.build/Debug-iphonesimulator/SmartContacts.build/Objects-normal/x86_64/SmartContacts.swiftmodule -validate-clang-modules-once -clang-build-session-file /Users/chamanlalsahu/Library/Developer/Xcode/DerivedData/ModuleCache.noindex/Session.modulevalidation -Xcc -I/Users/chamanlalsahu/Library/Developer/Xcode/DerivedData/SmartContacts-gdxtxiqqxdanuegrnccodybcdlip/Build/Intermediates.noindex/SmartContacts.build/Debug-iphonesimulator/SmartContacts.build/swift-overrides.hmap -emit-const-values -Xfrontend -const-gather-protocols-file -Xfrontend /Users/chamanlalsahu/Library/Developer/Xcode/DerivedData/SmartContacts-gdxtxiqqxdanuegrnccodybcdlip/Build/Intermediates.noindex/SmartContacts.build/Debug-iphonesimulator/SmartContacts.build/Objects-normal/x86_64/SmartContacts_const_extract_protocols.json -Xcc -iquote -Xcc /Users/chamanlalsahu/Library/Developer/Xcode/DerivedData/SmartContacts-gdxtxiqqxdanuegrnccodybcdlip/Build/Intermediates.noindex/SmartContacts.build/Debug-iphonesimulator/SmartContacts.build/SmartContacts-generated-files.hmap -Xcc -I/Users/chamanlalsahu/Library/Developer/Xcode/DerivedData/SmartContacts-gdxtxiqqxdanuegrnccodybcdlip/Build/Intermediates.noindex/SmartContacts.build/Debug-iphonesimulator/SmartContacts.build/SmartContacts-own-target-headers.hmap -Xcc -I/Users/chamanlalsahu/Library/Developer/Xcode/DerivedData/SmartContacts-gdxtxiqqxdanuegrnccodybcdlip/Build/Intermediates.noindex/SmartContacts.build/Debug-iphonesimulator/SmartContacts.build/SmartContacts-all-target-headers.hmap -Xcc -iquote -Xcc /Users/chamanlalsahu/Library/Developer/Xcode/DerivedData/SmartContacts-gdxtxiqqxdanuegrnccodybcdlip/Build/Intermediates.noindex/SmartContacts.build/Debug-iphonesimulator/SmartContacts.build/SmartContacts-project-headers.hmap -Xcc -I/Users/chamanlalsahu/Library/Developer/Xcode/DerivedData/SmartContacts-gdxtxiqqxdanuegrnccodybcdlip/Build/Products/Debug-iphonesimulator/include -Xcc -I/Users/chamanlalsahu/Library/Developer/Xcode/DerivedData/SmartContacts-gdxtxiqqxdanuegrnccodybcdlip/Build/Products/Debug-iphonesimulator/AppAuth/AppAuth.framework/Headers -Xcc -I/Users/chamanlalsahu/Library/Developer/Xcode/DerivedData/SmartContacts-gdxtxiqqxdanuegrnccodybcdlip/Build/Products/Debug-iphonesimulator/AppCheckCore/AppCheckCore.framework/Headers -Xcc -I/Users/chamanlalsahu/Library/Developer/Xcode/DerivedData/SmartContacts-gdxtxiqqxdanuegrnccodybcdlip/Build/Products/Debug-iphonesimulator/GTMAppAuth/GTMAppAuth.framework/Headers -Xcc -I/Users/chamanlalsahu/Library/Developer/Xcode/DerivedData/SmartContacts-gdxtxiqqxdanuegrnccodybcdlip/Build/Products/Debug-iphonesimulator/GTMSessionFetcher/GTMSessionFetcher.framework/Headers -Xcc -I/Users/chamanlalsahu/Library/Developer/Xcode/DerivedData/SmartContacts-gdxtxiqqxdanuegrnccodybcdlip/Build/Products/Debug-iphonesimulator/GoogleSignIn/GoogleSignIn.framework/Headers -Xcc -I/Users/chamanlalsahu/Library/Developer/Xcode/DerivedData/SmartContacts-gdxtxiqqxdanuegrnccodybcdlip/Build/Products/Debug-iphonesimulator/GoogleUtilities/GoogleUtilities.framework/Headers -Xcc -I/Users/chamanlalsahu/Library/Developer/Xcode/DerivedData/SmartContacts-gdxtxiqqxdanuegrnccodybcdlip/Build/Products/Debug-iphonesimulator/MBProgressHUD/MBProgressHUD.framework/Headers -Xcc -I/Users/chamanlalsahu/Library/Developer/Xcode/DerivedData/SmartContacts-gdxtxiqqxdanuegrnccodybcdlip/Build/Products/Debug-iphonesimulator/PromisesObjC/FBLPromises.framework/Headers -Xcc -I/Users/chamanlalsahu/Library/Developer/Xcode/DerivedData/SmartContacts-gdxtxiqqxdanuegrnccodybcdlip/Build/Intermediates.noindex/SmartContacts.build/Debug-iphonesimulator/SmartContacts.build/DerivedSources-normal/x86_64 -Xcc -I/Users/chamanlalsahu/Library/Developer/Xcode/DerivedData/SmartContacts-gdxtxiqqxdanuegrnccodybcdlip/Build/Intermediates.noindex/SmartContacts.build/Debug-iphonesimulator/SmartContacts.build/DerivedSources/x86_64 -Xcc -I/Users/chamanlalsahu/Library/Developer/Xcode/DerivedData/SmartContacts-gdxtxiqqxdanuegrnccodybcdlip/Build/Intermediates.noindex/SmartContacts.build/Debug-iphonesimulator/SmartContacts.build/DerivedSources -Xcc -DDEBUG\=1 -Xcc -DCOCOAPODS\=1 -emit-objc-header -emit-objc-header-path /Users/chamanlalsahu/Library/Developer/Xcode/DerivedData/SmartContacts-gdxtxiqqxdanuegrnccodybcdlip/Build/Intermediates.noindex/SmartContacts.build/Debug-iphonesimulator/SmartContacts.build/Objects-normal/x86_64/SmartContacts-Swift.h -working-directory /Users/chamanlalsahu/Personal/Projects/Contact\ App/WatchOS/SmartContacts_watchOS1.4\ Final -experimental-emit-module-separately -disable-cmo
/Users/chamanlalsahu/Personal/Projects/Contact App/WatchOS/SmartContacts_watchOS1.4 Final/SmartContacts/Contacts/ContactListVC.swift:11:8: error: Unable to find module dependency: 'GoogleSignIn'
import GoogleSignIn
       ^ (in target 'SmartContacts' from project 'SmartContacts')
/Users/chamanlalsahu/Personal/Projects/Contact App/WatchOS/SmartContacts_watchOS1.4 Final/SmartContacts/Contacts/ContactListVC.swift:11:8: note: A dependency of main module 'SmartContacts'
import GoogleSignIn
       ^ (in target 'SmartContacts' from project 'SmartContacts')
/Users/chamanlalsahu/Personal/Projects/Contact App/WatchOS/SmartContacts_watchOS1.4 Final/SmartContacts/AppDelegate.swift:10:8: note: Also imported here
import GoogleSignIn  
       ^ (in target 'SmartContacts' from project 'SmartContacts')
/Users/chamanlalsahu/Personal/Projects/Contact App/WatchOS/SmartContacts_watchOS1.4 Final/SmartContacts/Contacts/ContactListVC.swift:12:8: error: Unable to find module dependency: 'MBProgressHUD'
import MBProgressHUD
       ^ (in target 'SmartContacts' from project 'SmartContacts')
/Users/chamanlalsahu/Personal/Projects/Contact App/WatchOS/SmartContacts_watchOS1.4 Final/SmartContacts/Contacts/ContactListVC.swift:12:8: note: A dependency of main module 'SmartContacts'
import MBProgressHUD
       ^ (in target 'SmartContacts' from project 'SmartContacts')
/Users/chamanlalsahu/Personal/Projects/Contact App/WatchOS/SmartContacts_watchOS1.4 Final/SmartContacts/Settings/SettingsVC.swift:11:8: note: Also imported here
import MBProgressHUD
       ^ (in target 'SmartContacts' from project 'SmartContacts')

SwiftDriver SmartContacts normal arm64 com.apple.xcode.tools.swift.compiler (in target 'SmartContacts' from project 'SmartContacts')
    cd /Users/chamanlalsahu/Personal/Projects/Contact\ App/WatchOS/SmartContacts_watchOS1.4\ Final
    builtin-SwiftDriver -- /Applications/Xcode.app/Contents/Developer/Toolchains/XcodeDefault.xctoolchain/usr/bin/swiftc -module-name SmartContacts -Onone -enforce-exclusivity\=checked @/Users/chamanlalsahu/Library/Developer/Xcode/DerivedData/SmartContacts-gdxtxiqqxdanuegrnccodybcdlip/Build/Intermediates.noindex/SmartContacts.build/Debug-iphonesimulator/SmartContacts.build/Objects-normal/arm64/SmartContacts.SwiftFileList -DDEBUG -D COCOAPODS -enable-bare-slash-regex -enable-experimental-feature DebugDescriptionMacro -sdk /Applications/Xcode.app/Contents/Developer/Platforms/iPhoneSimulator.platform/Developer/SDKs/iPhoneSimulator26.0.sdk -target arm64-apple-ios15.6-simulator -g -module-cache-path /Users/chamanlalsahu/Library/Developer/Xcode/DerivedData/ModuleCache.noindex -Xfrontend -serialize-debugging-options -enable-testing -index-store-path /Users/chamanlalsahu/Library/Developer/Xcode/DerivedData/SmartContacts-gdxtxiqqxdanuegrnccodybcdlip/Index.noindex/DataStore -Xcc -D_LIBCPP_HARDENING_MODE\=_LIBCPP_HARDENING_MODE_DEBUG -swift-version 5 -I /Users/chamanlalsahu/Library/Developer/Xcode/DerivedData/SmartContacts-gdxtxiqqxdanuegrnccodybcdlip/Build/Products/Debug-iphonesimulator -F /Users/chamanlalsahu/Library/Developer/Xcode/DerivedData/SmartContacts-gdxtxiqqxdanuegrnccodybcdlip/Build/Products/Debug-iphonesimulator -F /Users/chamanlalsahu/Library/Developer/Xcode/DerivedData/SmartContacts-gdxtxiqqxdanuegrnccodybcdlip/Build/Products/Debug-iphonesimulator/AppAuth -F /Users/chamanlalsahu/Library/Developer/Xcode/DerivedData/SmartContacts-gdxtxiqqxdanuegrnccodybcdlip/Build/Products/Debug-iphonesimulator/AppCheckCore -F /Users/chamanlalsahu/Library/Developer/Xcode/DerivedData/SmartContacts-gdxtxiqqxdanuegrnccodybcdlip/Build/Products/Debug-iphonesimulator/GTMAppAuth -F /Users/chamanlalsahu/Library/Developer/Xcode/DerivedData/SmartContacts-gdxtxiqqxdanuegrnccodybcdlip/Build/Products/Debug-iphonesimulator/GTMSessionFetcher -F /Users/chamanlalsahu/Library/Developer/Xcode/DerivedData/SmartContacts-gdxtxiqqxdanuegrnccodybcdlip/Build/Products/Debug-iphonesimulator/GoogleSignIn -F /Users/chamanlalsahu/Library/Developer/Xcode/DerivedData/SmartContacts-gdxtxiqqxdanuegrnccodybcdlip/Build/Products/Debug-iphonesimulator/GoogleUtilities -F /Users/chamanlalsahu/Library/Developer/Xcode/DerivedData/SmartContacts-gdxtxiqqxdanuegrnccodybcdlip/Build/Products/Debug-iphonesimulator/MBProgressHUD -F /Users/chamanlalsahu/Library/Developer/Xcode/DerivedData/SmartContacts-gdxtxiqqxdanuegrnccodybcdlip/Build/Products/Debug-iphonesimulator/PromisesObjC -c -j12 -enable-batch-mode -incremental -Xcc -ivfsstatcache -Xcc /Users/chamanlalsahu/Library/Developer/Xcode/DerivedData/SDKStatCaches.noindex/iphonesimulator26.0-23A339-26257891a6c027eb51374368541b8346.sdkstatcache -output-file-map /Users/chamanlalsahu/Library/Developer/Xcode/DerivedData/SmartContacts-gdxtxiqqxdanuegrnccodybcdlip/Build/Intermediates.noindex/SmartContacts.build/Debug-iphonesimulator/SmartContacts.build/Objects-normal/arm64/SmartContacts-OutputFileMap.json -use-frontend-parseable-output -save-temps -no-color-diagnostics -explicit-module-build -module-cache-path /Users/chamanlalsahu/Library/Developer/Xcode/DerivedData/SmartContacts-gdxtxiqqxdanuegrnccodybcdlip/Build/Intermediates.noindex/SwiftExplicitPrecompiledModules -clang-scanner-module-cache-path /Users/chamanlalsahu/Library/Developer/Xcode/DerivedData/ModuleCache.noindex -sdk-module-cache-path /Users/chamanlalsahu/Library/Developer/Xcode/DerivedData/ModuleCache.noindex -serialize-diagnostics -emit-dependencies -emit-module -emit-module-path /Users/chamanlalsahu/Library/Developer/Xcode/DerivedData/SmartContacts-gdxtxiqqxdanuegrnccodybcdlip/Build/Intermediates.noindex/SmartContacts.build/Debug-iphonesimulator/SmartContacts.build/Objects-normal/arm64/SmartContacts.swiftmodule -validate-clang-modules-once -clang-build-session-file /Users/chamanlalsahu/Library/Developer/Xcode/DerivedData/ModuleCache.noindex/Session.modulevalidation -Xcc -I/Users/chamanlalsahu/Library/Developer/Xcode/DerivedData/SmartContacts-gdxtxiqqxdanuegrnccodybcdlip/Build/Intermediates.noindex/SmartContacts.build/Debug-iphonesimulator/SmartContacts.build/swift-overrides.hmap -emit-const-values -Xfrontend -const-gather-protocols-file -Xfrontend /Users/chamanlalsahu/Library/Developer/Xcode/DerivedData/SmartContacts-gdxtxiqqxdanuegrnccodybcdlip/Build/Intermediates.noindex/SmartContacts.build/Debug-iphonesimulator/SmartContacts.build/Objects-normal/arm64/SmartContacts_const_extract_protocols.json -Xcc -iquote -Xcc /Users/chamanlalsahu/Library/Developer/Xcode/DerivedData/SmartContacts-gdxtxiqqxdanuegrnccodybcdlip/Build/Intermediates.noindex/SmartContacts.build/Debug-iphonesimulator/SmartContacts.build/SmartContacts-generated-files.hmap -Xcc -I/Users/chamanlalsahu/Library/Developer/Xcode/DerivedData/SmartContacts-gdxtxiqqxdanuegrnccodybcdlip/Build/Intermediates.noindex/SmartContacts.build/Debug-iphonesimulator/SmartContacts.build/SmartContacts-own-target-headers.hmap -Xcc -I/Users/chamanlalsahu/Library/Developer/Xcode/DerivedData/SmartContacts-gdxtxiqqxdanuegrnccodybcdlip/Build/Intermediates.noindex/SmartContacts.build/Debug-iphonesimulator/SmartContacts.build/SmartContacts-all-target-headers.hmap -Xcc -iquote -Xcc /Users/chamanlalsahu/Library/Developer/Xcode/DerivedData/SmartContacts-gdxtxiqqxdanuegrnccodybcdlip/Build/Intermediates.noindex/SmartContacts.build/Debug-iphonesimulator/SmartContacts.build/SmartContacts-project-headers.hmap -Xcc -I/Users/chamanlalsahu/Library/Developer/Xcode/DerivedData/SmartContacts-gdxtxiqqxdanuegrnccodybcdlip/Build/Products/Debug-iphonesimulator/include -Xcc -I/Users/chamanlalsahu/Library/Developer/Xcode/DerivedData/SmartContacts-gdxtxiqqxdanuegrnccodybcdlip/Build/Products/Debug-iphonesimulator/AppAuth/AppAuth.framework/Headers -Xcc -I/Users/chamanlalsahu/Library/Developer/Xcode/DerivedData/SmartContacts-gdxtxiqqxdanuegrnccodybcdlip/Build/Products/Debug-iphonesimulator/AppCheckCore/AppCheckCore.framework/Headers -Xcc -I/Users/chamanlalsahu/Library/Developer/Xcode/DerivedData/SmartContacts-gdxtxiqqxdanuegrnccodybcdlip/Build/Products/Debug-iphonesimulator/GTMAppAuth/GTMAppAuth.framework/Headers -Xcc -I/Users/chamanlalsahu/Library/Developer/Xcode/DerivedData/SmartContacts-gdxtxiqqxdanuegrnccodybcdlip/Build/Products/Debug-iphonesimulator/GTMSessionFetcher/GTMSessionFetcher.framework/Headers -Xcc -I/Users/chamanlalsahu/Library/Developer/Xcode/DerivedData/SmartContacts-gdxtxiqqxdanuegrnccodybcdlip/Build/Products/Debug-iphonesimulator/GoogleSignIn/GoogleSignIn.framework/Headers -Xcc -I/Users/chamanlalsahu/Library/Developer/Xcode/DerivedData/SmartContacts-gdxtxiqqxdanuegrnccodybcdlip/Build/Products/Debug-iphonesimulator/GoogleUtilities/GoogleUtilities.framework/Headers -Xcc -I/Users/chamanlalsahu/Library/Developer/Xcode/DerivedData/SmartContacts-gdxtxiqqxdanuegrnccodybcdlip/Build/Products/Debug-iphonesimulator/MBProgressHUD/MBProgressHUD.framework/Headers -Xcc -I/Users/chamanlalsahu/Library/Developer/Xcode/DerivedData/SmartContacts-gdxtxiqqxdanuegrnccodybcdlip/Build/Products/Debug-iphonesimulator/PromisesObjC/FBLPromises.framework/Headers -Xcc -I/Users/chamanlalsahu/Library/Developer/Xcode/DerivedData/SmartContacts-gdxtxiqqxdanuegrnccodybcdlip/Build/Intermediates.noindex/SmartContacts.build/Debug-iphonesimulator/SmartContacts.build/DerivedSources-normal/arm64 -Xcc -I/Users/chamanlalsahu/Library/Developer/Xcode/DerivedData/SmartContacts-gdxtxiqqxdanuegrnccodybcdlip/Build/Intermediates.noindex/SmartContacts.build/Debug-iphonesimulator/SmartContacts.build/DerivedSources/arm64 -Xcc -I/Users/chamanlalsahu/Library/Developer/Xcode/DerivedData/SmartContacts-gdxtxiqqxdanuegrnccodybcdlip/Build/Intermediates.noindex/SmartContacts.build/Debug-iphonesimulator/SmartContacts.build/DerivedSources -Xcc -DDEBUG\=1 -Xcc -DCOCOAPODS\=1 -emit-objc-header -emit-objc-header-path /Users/chamanlalsahu/Library/Developer/Xcode/DerivedData/SmartContacts-gdxtxiqqxdanuegrnccodybcdlip/Build/Intermediates.noindex/SmartContacts.build/Debug-iphonesimulator/SmartContacts.build/Objects-normal/arm64/SmartContacts-Swift.h -working-directory /Users/chamanlalsahu/Personal/Projects/Contact\ App/WatchOS/SmartContacts_watchOS1.4\ Final -experimental-emit-module-separately -disable-cmo
/Users/chamanlalsahu/Personal/Projects/Contact App/WatchOS/SmartContacts_watchOS1.4 Final/SmartContacts/Contacts/ContactListVC.swift:11:8: error: Unable to find module dependency: 'GoogleSignIn'
import GoogleSignIn
       ^ (in target 'SmartContacts' from project 'SmartContacts')
/Users/chamanlalsahu/Personal/Projects/Contact App/WatchOS/SmartContacts_watchOS1.4 Final/SmartContacts/Contacts/ContactListVC.swift:11:8: note: A dependency of main module 'SmartContacts'
import GoogleSignIn
       ^ (in target 'SmartContacts' from project 'SmartContacts')
/Users/chamanlalsahu/Personal/Projects/Contact App/WatchOS/SmartContacts_watchOS1.4 Final/SmartContacts/AppDelegate.swift:10:8: note: Also imported here
import GoogleSignIn  
       ^ (in target 'SmartContacts' from project 'SmartContacts')
/Users/chamanlalsahu/Personal/Projects/Contact App/WatchOS/SmartContacts_watchOS1.4 Final/SmartContacts/Contacts/ContactListVC.swift:12:8: error: Unable to find module dependency: 'MBProgressHUD'
import MBProgressHUD
       ^ (in target 'SmartContacts' from project 'SmartContacts')
/Users/chamanlalsahu/Personal/Projects/Contact App/WatchOS/SmartContacts_watchOS1.4 Final/SmartContacts/Contacts/ContactListVC.swift:12:8: note: A dependency of main module 'SmartContacts'
import MBProgressHUD
       ^ (in target 'SmartContacts' from project 'SmartContacts')
/Users/chamanlalsahu/Personal/Projects/Contact App/WatchOS/SmartContacts_watchOS1.4 Final/SmartContacts/Settings/SettingsVC.swift:11:8: note: Also imported here
import MBProgressHUD
       ^ (in target 'SmartContacts' from project 'SmartContacts')

