Command line invocation:
    /Applications/Xcode.app/Contents/Developer/usr/bin/xcodebuild -project SmartContacts.xcodeproj -scheme SmartContacts -configuration Debug -sdk iphonesimulator -destination "generic/platform=iOS Simulator" CODE_SIGNING_ALLOWED=NO build

Build settings from command line:
    CODE_SIGNING_ALLOWED = NO
    SDKROOT = iphonesimulator26.0

ComputePackagePrebuildTargetDependencyGraph

Prepare packages

CreateBuildRequest

SendProjectDescription

CreateBuildOperation

ComputeTargetDependencyGraph
note: Building targets in dependency order
note: Target dependency graph (3 targets)
    Target 'SmartContacts' in project 'SmartContacts'
        ➜ Implicit dependency on target 'SmartContactsWatch' in project 'SmartContacts' via file 'SmartContactsWatch.app' in build phase 'Copy Files'
    Target 'SmartContactsWatch' in project 'SmartContacts'
        ➜ Explicit dependency on target 'SmartContactsWatch Extension' in project 'SmartContacts'
    Target 'SmartContactsWatch Extension' in project 'SmartContacts' (no dependencies)

GatherProvisioningInputs

CreateBuildDescription

ExecuteExternalTool /Applications/Xcode.app/Contents/Developer/Toolchains/XcodeDefault.xctoolchain/usr/bin/clang -v -E -dM -isysroot /Applications/Xcode.app/Contents/Developer/Platforms/iPhoneSimulator.platform/Developer/SDKs/iPhoneSimulator26.0.sdk -x c -c /dev/null

ExecuteExternalTool /Applications/Xcode.app/Contents/Developer/usr/bin/ibtool --version --output-format xml1

ExecuteExternalTool /Applications/Xcode.app/Contents/Developer/usr/bin/momc --dry-run --action generate --swift-version 5.0 --sdkroot /Applications/Xcode.app/Contents/Developer/Platforms/iPhoneSimulator.platform/Developer/SDKs/iPhoneSimulator26.0.sdk --iphonesimulator-deployment-target 12.1 --module SmartContactsWatch_Extension /Users/chamanlalsahu/Personal/Projects/Contact App/WatchOS/SmartContacts_watchOS1.4 Final/SmartContacts/Core Data/SmartContacts.xcdatamodeld /Users/chamanlalsahu/Library/Developer/Xcode/DerivedData/SmartContacts-gdxtxiqqxdanuegrnccodybcdlip/Build/Intermediates.noindex/SmartContacts.build/Debug-iphonesimulator/SmartContactsWatch Extension.build/DerivedSources/CoreDataGenerated/SmartContacts

ExecuteExternalTool /Applications/Xcode.app/Contents/Developer/usr/bin/momc --dry-run --action generate --swift-version 5.0 --sdkroot /Applications/Xcode.app/Contents/Developer/Platforms/iPhoneSimulator.platform/Developer/SDKs/iPhoneSimulator26.0.sdk --iphonesimulator-deployment-target 15.6 --module SmartContacts /Users/chamanlalsahu/Personal/Projects/Contact App/WatchOS/SmartContacts_watchOS1.4 Final/SmartContacts/Core Data/SmartContacts.xcdatamodeld /Users/chamanlalsahu/Library/Developer/Xcode/DerivedData/SmartContacts-gdxtxiqqxdanuegrnccodybcdlip/Build/Intermediates.noindex/SmartContacts.build/Debug-iphonesimulator/SmartContacts.build/DerivedSources/CoreDataGenerated/SmartContacts

ExecuteExternalTool /Applications/Xcode.app/Contents/Developer/usr/bin/actool --version --output-format xml1

ExecuteExternalTool /Applications/Xcode.app/Contents/Developer/usr/bin/actool --print-asset-tag-combinations --output-format xml1 /Users/chamanlalsahu/Personal/Projects/Contact App/WatchOS/SmartContacts_watchOS1.4 Final/SmartContacts/New Group/Assets.xcassets

ExecuteExternalTool /Applications/Xcode.app/Contents/Developer/Toolchains/XcodeDefault.xctoolchain/usr/bin/swiftc --version

ExecuteExternalTool /Applications/Xcode.app/Contents/Developer/Toolchains/XcodeDefault.xctoolchain/usr/bin/ld -version_details

Build description signature: c1a605fbe2dafdfda15f97452221a649
Build description path: /Users/chamanlalsahu/Library/Developer/Xcode/DerivedData/SmartContacts-gdxtxiqqxdanuegrnccodybcdlip/Build/Intermediates.noindex/XCBuildData/c1a605fbe2dafdfda15f97452221a649.xcbuilddata
error: unable to resolve product type 'com.apple.product-type.watchkit2-extension' for platform 'iOS Simulator' (in target 'SmartContactsWatch Extension' from project 'SmartContacts')
error: Couldn't look up product type 'com.apple.product-type.watchkit2-extension' in domain 'iphonesimulator': Couldn't load spec with identifier 'com.apple.product-type.watchkit2-extension' in domain 'iphonesimulator' (in target 'SmartContactsWatch Extension' from project 'SmartContacts')
warning: duplicate output file '/Users/chamanlalsahu/Library/Developer/Xcode/DerivedData/SmartContacts-gdxtxiqqxdanuegrnccodybcdlip/Build/Products/Debug-iphonesimulator' on task: CreateUniversalBinary /Users/chamanlalsahu/Library/Developer/Xcode/DerivedData/SmartContacts-gdxtxiqqxdanuegrnccodybcdlip/Build/Products/Debug-iphonesimulator normal arm64 x86_64 (in target 'SmartContactsWatch Extension' from project 'SmartContacts')
error: unable to resolve product type 'com.apple.product-type.application.watchapp2' for platform 'iOS Simulator' (in target 'SmartContactsWatch' from project 'SmartContacts')
error: Couldn't look up product type 'com.apple.product-type.application.watchapp2' in domain 'iphonesimulator': Couldn't load spec with identifier 'com.apple.product-type.application.watchapp2' in domain 'iphonesimulator' (in target 'SmartContactsWatch' from project 'SmartContacts')
warning: duplicate output file '' on task: RegisterExecutionPolicyException /Users/chamanlalsahu/Library/Developer/Xcode/DerivedData/SmartContacts-gdxtxiqqxdanuegrnccodybcdlip/Build/Products/Debug-iphonesimulator (in target 'SmartContactsWatch' from project 'SmartContacts')
